[12:14:06] === Starting upload attempt batch ===
[12:14:07] FAILED: agent-field —   [0m HTTPError: 429 Too Many Requests from https://upload.pypi.org/legacy/  
[12:14:07] 429 detected — waiting 1800 seconds before retry
[12:14:07] 22 packages remaining. Waiting 1800s before next attempt...
[12:42:22] === Starting upload attempt batch ===
[12:42:23] FAILED: agent-field —   [0m HTTPError: 429 Too Many Requests from https://upload.pypi.org/legacy/  
[12:42:23] 429 detected — waiting 1800 seconds before retry
[12:42:23] 22 packages remaining. Waiting 1800s before next attempt...
[13:10:37] === Starting upload attempt batch ===
[13:11:31] FAILED: agent-field —   [0m HTTPError: 429 Too Many Requests from https://upload.pypi.org/legacy/  
[13:11:31] 429 detected — waiting 1800 seconds before retry
[13:11:31] 22 packages remaining. Waiting 1800s before next attempt...
[13:39:41] === Starting upload attempt batch ===
[13:39:42] FAILED: agent-field —   [0m HTTPError: 429 Too Many Requests from https://upload.pypi.org/legacy/  
[13:39:42] 429 detected — waiting 1800 seconds before retry
[13:39:42] 22 packages remaining. Waiting 1800s before next attempt...
[14:07:49] === Starting upload attempt batch ===
[14:07:51] FAILED: agent-field —   [0m HTTPError: 429 Too Many Requests from https://upload.pypi.org/legacy/  
[14:07:51] 429 detected — waiting 1800 seconds before retry
[14:07:51] 22 packages remaining. Waiting 1800s before next attempt...
[14:35:57] === Starting upload attempt batch ===
[14:35:58] FAILED: agent-field —   [0m HTTPError: 429 Too Many Requests from https://upload.pypi.org/legacy/  
[14:35:58] 429 detected — waiting 1800 seconds before retry
[14:35:58] 22 packages remaining. Waiting 1800s before next attempt...
[15:04:01] === Starting upload attempt batch ===
[15:04:03] FAILED: agent-field —   [0m HTTPError: 429 Too Many Requests from https://upload.pypi.org/legacy/  
[15:04:03] 429 detected — waiting 1800 seconds before retry
[15:04:03] 22 packages remaining. Waiting 1800s before next attempt...
[15:32:06] === Starting upload attempt batch ===
[15:32:07] FAILED: agent-field —   [0m HTTPError: 429 Too Many Requests from https://upload.pypi.org/legacy/  
[15:32:07] 429 detected — waiting 1800 seconds before retry
[15:32:07] 22 packages remaining. Waiting 1800s before next attempt...
[16:00:07] === Starting upload attempt batch ===
[16:00:08] FAILED: agent-field —   [0m HTTPError: 429 Too Many Requests from https://upload.pypi.org/legacy/  
[16:00:08] 429 detected — waiting 1800 seconds before retry
[16:00:08] 22 packages remaining. Waiting 1800s before next attempt...
[16:28:07] === Starting upload attempt batch ===
[16:28:08] FAILED: agent-field —   [0m HTTPError: 429 Too Many Requests from https://upload.pypi.org/legacy/  
[16:28:08] 429 detected — waiting 1800 seconds before retry
[16:28:08] 22 packages remaining. Waiting 1800s before next attempt...
[16:56:04] === Starting upload attempt batch ===
[16:56:06] FAILED: agent-field —   [0m HTTPError: 429 Too Many Requests from https://upload.pypi.org/legacy/  
[16:56:06] 429 detected — waiting 1800 seconds before retry
[16:56:06] 22 packages remaining. Waiting 1800s before next attempt...
[17:24:03] === Starting upload attempt batch ===
[17:24:04] FAILED: agent-field —   [0m HTTPError: 429 Too Many Requests from https://upload.pypi.org/legacy/  
[17:24:04] 429 detected — waiting 1800 seconds before retry
[17:24:04] 22 packages remaining. Waiting 1800s before next attempt...
[17:51:59] === Starting upload attempt batch ===
[17:52:00] FAILED: agent-field —   [0m HTTPError: 429 Too Many Requests from https://upload.pypi.org/legacy/  
[17:52:00] 429 detected — waiting 1800 seconds before retry
[17:52:00] 22 packages remaining. Waiting 1800s before next attempt...
[18:19:52] === Starting upload attempt batch ===
[18:19:54] FAILED: agent-field —   [0m HTTPError: 429 Too Many Requests from https://upload.pypi.org/legacy/  
[18:19:54] 429 detected — waiting 1800 seconds before retry
[18:19:54] 22 packages remaining. Waiting 1800s before next attempt...
[18:47:44] === Starting upload attempt batch ===
[18:47:45] FAILED: agent-field —   [0m HTTPError: 400 Bad Request from https://upload.pypi.org/legacy/        
[18:48:45] SUCCESS: collective-ai
[18:49:40] FAILED: deadband-python —   [0m HTTPError: 400 Bad Request from https://upload.pypi.org/legacy/        
[18:50:40] SUCCESS: device-router
[18:51:38] SUCCESS: fleet-router
[18:52:39] SUCCESS: luciddreamer
[18:53:34] FAILED: penrose-memory —   [0m HTTPError: 429 Too Many Requests from https://upload.pypi.org/legacy/  
[18:53:34] 429 detected — waiting 1800 seconds before retry
[18:53:34] 18 packages remaining. Waiting 1800s before next attempt...
[19:21:22] === Starting upload attempt batch ===
[19:21:23] FAILED: agent-field —   [0m HTTPError: 429 Too Many Requests from https://upload.pypi.org/legacy/  
[19:21:23] 429 detected — waiting 1800 seconds before retry
[19:21:23] 18 packages remaining. Waiting 1800s before next attempt...
[19:49:06] === Starting upload attempt batch ===
[19:49:07] FAILED: agent-field —   [0m HTTPError: 429 Too Many Requests from https://upload.pypi.org/legacy/  
[19:49:07] 429 detected — waiting 1800 seconds before retry
[19:49:07] 18 packages remaining. Waiting 1800s before next attempt...
[20:16:47] === Starting upload attempt batch ===
[20:16:49] FAILED: agent-field —   [0m HTTPError: 429 Too Many Requests from https://upload.pypi.org/legacy/  
[20:16:49] 429 detected — waiting 1800 seconds before retry
[20:16:49] 18 packages remaining. Waiting 1800s before next attempt...
[20:44:27] === Starting upload attempt batch ===
[20:44:29] FAILED: agent-field —   [0m HTTPError: 429 Too Many Requests from https://upload.pypi.org/legacy/  
[20:44:29] 429 detected — waiting 1800 seconds before retry
[20:44:29] 18 packages remaining. Waiting 1800s before next attempt...
[21:12:05] === Starting upload attempt batch ===
[21:12:07] FAILED: agent-field —   [0m HTTPError: 429 Too Many Requests from https://upload.pypi.org/legacy/  
[21:12:07] 429 detected — waiting 1800 seconds before retry
[21:12:07] 18 packages remaining. Waiting 1800s before next attempt...
[21:39:40] === Starting upload attempt batch ===
[21:39:42] FAILED: agent-field —   [0m HTTPError: 429 Too Many Requests from https://upload.pypi.org/legacy/  
[21:39:42] 429 detected — waiting 1800 seconds before retry
[21:39:42] 18 packages remaining. Waiting 1800s before next attempt...
[22:07:15] === Starting upload attempt batch ===
[22:07:17] FAILED: agent-field —   [0m HTTPError: 429 Too Many Requests from https://upload.pypi.org/legacy/  
[22:07:17] 429 detected — waiting 1800 seconds before retry
[22:07:17] 18 packages remaining. Waiting 1800s before next attempt...
[22:34:50] === Starting upload attempt batch ===
[22:34:52] FAILED: agent-field —   [0m HTTPError: 429 Too Many Requests from https://upload.pypi.org/legacy/  
[22:34:52] 429 detected — waiting 1800 seconds before retry
[22:34:52] 18 packages remaining. Waiting 1800s before next attempt...
[23:02:20] === Starting upload attempt batch ===
[23:02:21] FAILED: agent-field —   [0m HTTPError: 429 Too Many Requests from https://upload.pypi.org/legacy/  
[23:02:21] 429 detected — waiting 1800 seconds before retry
[23:02:21] 18 packages remaining. Waiting 1800s before next attempt...
[23:29:49] === Starting upload attempt batch ===
[23:29:50] FAILED: agent-field —   [0m HTTPError: 429 Too Many Requests from https://upload.pypi.org/legacy/  
[23:29:50] 429 detected — waiting 1800 seconds before retry
[23:29:50] 18 packages remaining. Waiting 1800s before next attempt...
[23:57:17] === Starting upload attempt batch ===
[23:57:18] FAILED: agent-field —   [0m HTTPError: 429 Too Many Requests from https://upload.pypi.org/legacy/  
[23:57:18] 429 detected — waiting 1800 seconds before retry
[23:57:18] 18 packages remaining. Waiting 1800s before next attempt...
[00:24:43] === Starting upload attempt batch ===
[00:24:45] FAILED: agent-field —   [0m HTTPError: 429 Too Many Requests from https://upload.pypi.org/legacy/  
[00:24:45] 429 detected — waiting 1800 seconds before retry
[00:24:45] 18 packages remaining. Waiting 1800s before next attempt...
[00:52:09] === Starting upload attempt batch ===
[00:52:10] FAILED: agent-field —   [0m HTTPError: 429 Too Many Requests from https://upload.pypi.org/legacy/  
[00:52:10] 429 detected — waiting 1800 seconds before retry
[00:52:10] 18 packages remaining. Waiting 1800s before next attempt...
[01:19:33] === Starting upload attempt batch ===
[01:19:34] FAILED: agent-field —   [0m HTTPError: 429 Too Many Requests from https://upload.pypi.org/legacy/  
[01:19:34] 429 detected — waiting 1800 seconds before retry
[01:19:34] 18 packages remaining. Waiting 1800s before next attempt...
[01:46:56] === Starting upload attempt batch ===
[01:46:57] FAILED: agent-field —   [0m HTTPError: 429 Too Many Requests from https://upload.pypi.org/legacy/  
[01:46:57] 429 detected — waiting 1800 seconds before retry
[01:46:57] 18 packages remaining. Waiting 1800s before next attempt...
[02:14:17] === Starting upload attempt batch ===
[02:14:19] FAILED: agent-field —   [0m HTTPError: 429 Too Many Requests from https://upload.pypi.org/legacy/  
[02:14:19] 429 detected — waiting 1800 seconds before retry
[02:14:19] 18 packages remaining. Waiting 1800s before next attempt...
[02:41:37] === Starting upload attempt batch ===
[02:41:38] FAILED: agent-field —   [0m HTTPError: 429 Too Many Requests from https://upload.pypi.org/legacy/  
[02:41:38] 429 detected — waiting 1800 seconds before retry
[02:41:38] 18 packages remaining. Waiting 1800s before next attempt...
[03:08:57] === Starting upload attempt batch ===
[03:08:58] FAILED: agent-field —   [0m HTTPError: 429 Too Many Requests from https://upload.pypi.org/legacy/  
[03:08:58] 429 detected — waiting 1800 seconds before retry
[03:08:58] 18 packages remaining. Waiting 1800s before next attempt...
[03:36:14] === Starting upload attempt batch ===
[03:36:15] FAILED: agent-field —   [0m HTTPError: 429 Too Many Requests from https://upload.pypi.org/legacy/  
[03:36:15] 429 detected — waiting 1800 seconds before retry
[03:36:15] 18 packages remaining. Waiting 1800s before next attempt...
[04:03:33] === Starting upload attempt batch ===
[04:03:34] FAILED: agent-field —   [0m HTTPError: 429 Too Many Requests from https://upload.pypi.org/legacy/  
[04:03:34] 429 detected — waiting 1800 seconds before retry
[04:03:34] 18 packages remaining. Waiting 1800s before next attempt...
[04:30:51] === Starting upload attempt batch ===
[04:30:52] FAILED: agent-field —   [0m HTTPError: 429 Too Many Requests from https://upload.pypi.org/legacy/  
[04:30:52] 429 detected — waiting 1800 seconds before retry
[04:30:52] 18 packages remaining. Waiting 1800s before next attempt...
[04:58:09] === Starting upload attempt batch ===
[04:58:10] FAILED: agent-field —   [0m HTTPError: 429 Too Many Requests from https://upload.pypi.org/legacy/  
[04:58:10] 429 detected — waiting 1800 seconds before retry
[04:58:10] 18 packages remaining. Waiting 1800s before next attempt...
[05:25:27] === Starting upload attempt batch ===
[05:25:29] FAILED: agent-field —   [0m HTTPError: 429 Too Many Requests from https://upload.pypi.org/legacy/  
[05:25:29] 429 detected — waiting 1800 seconds before retry
[05:25:29] 18 packages remaining. Waiting 1800s before next attempt...
[05:52:45] === Starting upload attempt batch ===
[05:52:47] FAILED: agent-field —   [0m HTTPError: 429 Too Many Requests from https://upload.pypi.org/legacy/  
[05:52:47] 429 detected — waiting 1800 seconds before retry
[05:52:47] 18 packages remaining. Waiting 1800s before next attempt...
[06:20:03] === Starting upload attempt batch ===
[06:20:04] FAILED: agent-field —   [0m HTTPError: 429 Too Many Requests from https://upload.pypi.org/legacy/  
[06:20:04] 429 detected — waiting 1800 seconds before retry
[06:20:04] 18 packages remaining. Waiting 1800s before next attempt...
[06:47:21] === Starting upload attempt batch ===
[06:47:22] FAILED: agent-field —   [0m HTTPError: 429 Too Many Requests from https://upload.pypi.org/legacy/  
[06:47:22] 429 detected — waiting 1800 seconds before retry
[06:47:22] 18 packages remaining. Waiting 1800s before next attempt...
[07:14:37] === Starting upload attempt batch ===
[07:14:39] FAILED: agent-field —   [0m HTTPError: 429 Too Many Requests from https://upload.pypi.org/legacy/  
[07:14:39] 429 detected — waiting 1800 seconds before retry
[07:14:39] 18 packages remaining. Waiting 1800s before next attempt...
[07:41:58] === Starting upload attempt batch ===
[07:41:59] FAILED: agent-field —   [0m HTTPError: 429 Too Many Requests from https://upload.pypi.org/legacy/  
[07:41:59] 429 detected — waiting 1800 seconds before retry
[07:41:59] 18 packages remaining. Waiting 1800s before next attempt...
[08:09:15] === Starting upload attempt batch ===
[08:09:16] FAILED: agent-field —   [0m HTTPError: 429 Too Many Requests from https://upload.pypi.org/legacy/  
[08:09:16] 429 detected — waiting 1800 seconds before retry
[08:09:16] 18 packages remaining. Waiting 1800s before next attempt...
[08:36:33] === Starting upload attempt batch ===
[08:36:34] FAILED: agent-field —   [0m HTTPError: 429 Too Many Requests from https://upload.pypi.org/legacy/  
[08:36:34] 429 detected — waiting 1800 seconds before retry
[08:36:34] 18 packages remaining. Waiting 1800s before next attempt...
[09:03:49] === Starting upload attempt batch ===
[09:03:50] FAILED: agent-field —   [0m HTTPError: 429 Too Many Requests from https://upload.pypi.org/legacy/  
[09:03:50] 429 detected — waiting 1800 seconds before retry
[09:03:50] 18 packages remaining. Waiting 1800s before next attempt...
[09:31:08] === Starting upload attempt batch ===
[09:31:10] FAILED: agent-field —   [0m HTTPError: 429 Too Many Requests from https://upload.pypi.org/legacy/  
[09:31:10] 429 detected — waiting 1800 seconds before retry
[09:31:10] 18 packages remaining. Waiting 1800s before next attempt...
[09:58:31] === Starting upload attempt batch ===
[09:58:32] FAILED: agent-field —   [0m HTTPError: 429 Too Many Requests from https://upload.pypi.org/legacy/  
[09:58:32] 429 detected — waiting 1800 seconds before retry
[09:58:32] 18 packages remaining. Waiting 1800s before next attempt...
[10:25:50] === Starting upload attempt batch ===
[10:25:51] FAILED: agent-field —   [0m HTTPError: 429 Too Many Requests from https://upload.pypi.org/legacy/  
[10:25:51] 429 detected — waiting 1800 seconds before retry
[10:25:51] 18 packages remaining. Waiting 1800s before next attempt...
[10:53:07] === Starting upload attempt batch ===
[10:53:09] FAILED: agent-field —   [0m HTTPError: 429 Too Many Requests from https://upload.pypi.org/legacy/  
[10:53:09] 429 detected — waiting 1800 seconds before retry
[10:53:09] 18 packages remaining. Waiting 1800s before next attempt...
[11:22:57] === Starting upload attempt batch ===
[11:22:59] FAILED: agent-field —   [0m HTTPError: 429 Too Many Requests from https://upload.pypi.org/legacy/  
[11:22:59] 429 detected — waiting 1800 seconds before retry
[11:22:59] 18 packages remaining. Waiting 1800s before next attempt...
[11:54:43] === Starting upload attempt batch ===
